[0.147s] Invoking command in '/home/gurkirat/Projects/dev_ws/build/my_bot': CMAKE_PREFIX_PATH=${CMAKE_PREFIX_PATH}:/opt/ros/foxy /usr/bin/cmake --build /home/gurkirat/Projects/dev_ws/build/my_bot -- -j12 -l12
[0.183s] Invoked command in '/home/gurkirat/Projects/dev_ws/build/my_bot' returned '0': CMAKE_PREFIX_PATH=${CMAKE_PREFIX_PATH}:/opt/ros/foxy /usr/bin/cmake --build /home/gurkirat/Projects/dev_ws/build/my_bot -- -j12 -l12
[0.220s] Invoking command in '/home/gurkirat/Projects/dev_ws/build/my_bot': CMAKE_PREFIX_PATH=${CMAKE_PREFIX_PATH}:/opt/ros/foxy /usr/bin/cmake --install /home/gurkirat/Projects/dev_ws/build/my_bot
[0.228s] -- Install configuration: ""
[0.228s] -- Execute custom install script
[0.229s] -- Up-to-date symlink: /home/gurkirat/Projects/dev_ws/install/my_bot/share/my_bot/config/empty.yaml
[0.229s] -- Symlinking: /home/gurkirat/Projects/dev_ws/install/my_bot/share/my_bot/config/view_bot_rviz.rviz
[0.242s] -- Up-to-date symlink: /home/gurkirat/Projects/dev_ws/install/my_bot/share/my_bot/description/inertial_macros.xacro
[0.242s] -- Up-to-date symlink: /home/gurkirat/Projects/dev_ws/install/my_bot/share/my_bot/description/robot.urdf.xacro
[0.243s] -- Up-to-date symlink: /home/gurkirat/Projects/dev_ws/install/my_bot/share/my_bot/description/robot_core.xacro
[0.243s] -- Symlinking: /home/gurkirat/Projects/dev_ws/install/my_bot/share/my_bot/launch/launch_sim.launch.py
[0.252s] -- Up-to-date symlink: /home/gurkirat/Projects/dev_ws/install/my_bot/share/my_bot/launch/rsp.launch.py
[0.252s] -- Up-to-date symlink: /home/gurkirat/Projects/dev_ws/install/my_bot/share/my_bot/worlds/empty.world
[0.253s] -- Up-to-date symlink: /home/gurkirat/Projects/dev_ws/install/my_bot/share/ament_index/resource_index/package_run_dependencies/my_bot
[0.253s] -- Up-to-date symlink: /home/gurkirat/Projects/dev_ws/install/my_bot/share/ament_index/resource_index/parent_prefix_path/my_bot
[0.253s] -- Up-to-date symlink: /home/gurkirat/Projects/dev_ws/install/my_bot/share/my_bot/environment/ament_prefix_path.sh
[0.253s] -- Up-to-date symlink: /home/gurkirat/Projects/dev_ws/install/my_bot/share/my_bot/environment/ament_prefix_path.dsv
[0.254s] -- Up-to-date symlink: /home/gurkirat/Projects/dev_ws/install/my_bot/share/my_bot/environment/path.sh
[0.254s] -- Up-to-date symlink: /home/gurkirat/Projects/dev_ws/install/my_bot/share/my_bot/environment/path.dsv
[0.254s] -- Up-to-date symlink: /home/gurkirat/Projects/dev_ws/install/my_bot/share/my_bot/local_setup.bash
[0.254s] -- Up-to-date symlink: /home/gurkirat/Projects/dev_ws/install/my_bot/share/my_bot/local_setup.sh
[0.255s] -- Up-to-date symlink: /home/gurkirat/Projects/dev_ws/install/my_bot/share/my_bot/local_setup.zsh
[0.255s] -- Up-to-date symlink: /home/gurkirat/Projects/dev_ws/install/my_bot/share/my_bot/local_setup.dsv
[0.255s] -- Symlinking: /home/gurkirat/Projects/dev_ws/install/my_bot/share/my_bot/package.dsv
[0.265s] -- Up-to-date symlink: /home/gurkirat/Projects/dev_ws/install/my_bot/share/ament_index/resource_index/packages/my_bot
[0.265s] -- Up-to-date symlink: /home/gurkirat/Projects/dev_ws/install/my_bot/share/my_bot/cmake/my_botConfig.cmake
[0.266s] -- Up-to-date symlink: /home/gurkirat/Projects/dev_ws/install/my_bot/share/my_bot/cmake/my_botConfig-version.cmake
[0.266s] -- Up-to-date symlink: /home/gurkirat/Projects/dev_ws/install/my_bot/share/my_bot/package.xml
[0.268s] Invoked command in '/home/gurkirat/Projects/dev_ws/build/my_bot' returned '0': CMAKE_PREFIX_PATH=${CMAKE_PREFIX_PATH}:/opt/ros/foxy /usr/bin/cmake --install /home/gurkirat/Projects/dev_ws/build/my_bot
