[0.153s] Invoking command in '/home/gurkirat/Projects/dev_ws/build/my_bot': CMAKE_PREFIX_PATH=${CMAKE_PREFIX_PATH}:/opt/ros/foxy /usr/bin/cmake --build /home/gurkirat/Projects/dev_ws/build/my_bot -- -j12 -l12
[0.191s] Invoked command in '/home/gurkirat/Projects/dev_ws/build/my_bot' returned '0': CMAKE_PREFIX_PATH=${CMAKE_PREFIX_PATH}:/opt/ros/foxy /usr/bin/cmake --build /home/gurkirat/Projects/dev_ws/build/my_bot -- -j12 -l12
[0.224s] Invoking command in '/home/gurkirat/Projects/dev_ws/build/my_bot': CMAKE_PREFIX_PATH=${CMAKE_PREFIX_PATH}:/opt/ros/foxy /usr/bin/cmake --install /home/gurkirat/Projects/dev_ws/build/my_bot
[0.236s] -- Install configuration: ""
[0.236s] -- Execute custom install script
[0.237s] -- Up-to-date symlink: /home/gurkirat/Projects/dev_ws/install/my_bot/share/my_bot/config/empty.yaml
[0.237s] -- Up-to-date symlink: /home/gurkirat/Projects/dev_ws/install/my_bot/share/my_bot/description/robot.urdf.xacro
[0.237s] -- Symlinking: /home/gurkirat/Projects/dev_ws/install/my_bot/share/my_bot/description/robot_core.xacro
[0.246s] -- Up-to-date symlink: /home/gurkirat/Projects/dev_ws/install/my_bot/share/my_bot/launch/rsp.launch.py
[0.247s] -- Up-to-date symlink: /home/gurkirat/Projects/dev_ws/install/my_bot/share/my_bot/worlds/empty.world
[0.247s] -- Up-to-date symlink: /home/gurkirat/Projects/dev_ws/install/my_bot/share/ament_index/resource_index/package_run_dependencies/my_bot
[0.247s] -- Up-to-date symlink: /home/gurkirat/Projects/dev_ws/install/my_bot/share/ament_index/resource_index/parent_prefix_path/my_bot
[0.247s] -- Up-to-date symlink: /home/gurkirat/Projects/dev_ws/install/my_bot/share/my_bot/environment/ament_prefix_path.sh
[0.247s] -- Up-to-date symlink: /home/gurkirat/Projects/dev_ws/install/my_bot/share/my_bot/environment/ament_prefix_path.dsv
[0.247s] -- Up-to-date symlink: /home/gurkirat/Projects/dev_ws/install/my_bot/share/my_bot/environment/path.sh
[0.248s] -- Up-to-date symlink: /home/gurkirat/Projects/dev_ws/install/my_bot/share/my_bot/environment/path.dsv
[0.248s] -- Up-to-date symlink: /home/gurkirat/Projects/dev_ws/install/my_bot/share/my_bot/local_setup.bash
[0.248s] -- Up-to-date symlink: /home/gurkirat/Projects/dev_ws/install/my_bot/share/my_bot/local_setup.sh
[0.248s] -- Up-to-date symlink: /home/gurkirat/Projects/dev_ws/install/my_bot/share/my_bot/local_setup.zsh
[0.248s] -- Up-to-date symlink: /home/gurkirat/Projects/dev_ws/install/my_bot/share/my_bot/local_setup.dsv
[0.248s] -- Symlinking: /home/gurkirat/Projects/dev_ws/install/my_bot/share/my_bot/package.dsv
[0.263s] -- Up-to-date symlink: /home/gurkirat/Projects/dev_ws/install/my_bot/share/ament_index/resource_index/packages/my_bot
[0.263s] -- Up-to-date symlink: /home/gurkirat/Projects/dev_ws/install/my_bot/share/my_bot/cmake/my_botConfig.cmake
[0.263s] -- Up-to-date symlink: /home/gurkirat/Projects/dev_ws/install/my_bot/share/my_bot/cmake/my_botConfig-version.cmake
[0.263s] -- Up-to-date symlink: /home/gurkirat/Projects/dev_ws/install/my_bot/share/my_bot/package.xml
[0.265s] Invoked command in '/home/gurkirat/Projects/dev_ws/build/my_bot' returned '0': CMAKE_PREFIX_PATH=${CMAKE_PREFIX_PATH}:/opt/ros/foxy /usr/bin/cmake --install /home/gurkirat/Projects/dev_ws/build/my_bot
