[0.116s] Invoking command in '/home/gurkirat/Projects/dev_ws/build/my_bot': CMAKE_PREFIX_PATH=/opt/ros/foxy /usr/bin/cmake /home/gurkirat/Projects/dev_ws/src/my_bot -DAMENT_CMAKE_SYMLINK_INSTALL=1 -DCMAKE_INSTALL_PREFIX=/home/gurkirat/Projects/dev_ws/install/my_bot
[0.154s] -- Found ament_cmake: 0.9.12 (/opt/ros/foxy/share/ament_cmake/cmake)
[0.185s] -- Found PythonInterp: /usr/bin/python3 (found suitable version "3.8.10", minimum required is "3") 
[0.185s] -- Using PYTHON_EXECUTABLE: /usr/bin/python3
[0.345s] -- Override CMake install command with custom implementation using symlinks instead of copying resources
[0.383s] -- Found ament_lint_auto: 0.9.8 (/opt/ros/foxy/share/ament_lint_auto/cmake)
[0.466s] -- Added test 'copyright' to check source files copyright and LICENSE
[0.467s] -- Added test 'flake8' to check Python code syntax and style conventions
[0.468s] -- Added test 'lint_cmake' to check CMake code style
[0.468s] -- Added test 'pep257' to check Python code against some of the style conventions in PEP 257
[0.469s] -- Added test 'xmllint' to check XML markup files
[0.471s] -- Configuring done
[0.477s] -- Generating done
[0.478s] -- Build files have been written to: /home/gurkirat/Projects/dev_ws/build/my_bot
[0.481s] Invoked command in '/home/gurkirat/Projects/dev_ws/build/my_bot' returned '0': CMAKE_PREFIX_PATH=/opt/ros/foxy /usr/bin/cmake /home/gurkirat/Projects/dev_ws/src/my_bot -DAMENT_CMAKE_SYMLINK_INSTALL=1 -DCMAKE_INSTALL_PREFIX=/home/gurkirat/Projects/dev_ws/install/my_bot
[0.484s] Invoking command in '/home/gurkirat/Projects/dev_ws/build/my_bot': CMAKE_PREFIX_PATH=/opt/ros/foxy /usr/bin/cmake --build /home/gurkirat/Projects/dev_ws/build/my_bot -- -j12 -l12
[0.519s] Invoked command in '/home/gurkirat/Projects/dev_ws/build/my_bot' returned '0': CMAKE_PREFIX_PATH=/opt/ros/foxy /usr/bin/cmake --build /home/gurkirat/Projects/dev_ws/build/my_bot -- -j12 -l12
[0.548s] Invoking command in '/home/gurkirat/Projects/dev_ws/build/my_bot': CMAKE_PREFIX_PATH=/opt/ros/foxy /usr/bin/cmake --install /home/gurkirat/Projects/dev_ws/build/my_bot
[0.553s] -- Install configuration: ""
[0.553s] -- Execute custom install script
[0.554s] -- Symlinking: /home/gurkirat/Projects/dev_ws/install/my_bot/share/my_bot/config/empty.yaml
[0.565s] -- Symlinking: /home/gurkirat/Projects/dev_ws/install/my_bot/share/my_bot/description/robot.urdf.xacro
[0.573s] -- Symlinking: /home/gurkirat/Projects/dev_ws/install/my_bot/share/my_bot/launch/rsp.launch.py
[0.584s] -- Symlinking: /home/gurkirat/Projects/dev_ws/install/my_bot/share/my_bot/worlds/empty.world
[0.590s] -- Symlinking: /home/gurkirat/Projects/dev_ws/install/my_bot/share/ament_index/resource_index/package_run_dependencies/my_bot
[0.601s] -- Symlinking: /home/gurkirat/Projects/dev_ws/install/my_bot/share/ament_index/resource_index/parent_prefix_path/my_bot
[0.611s] -- Symlinking: /home/gurkirat/Projects/dev_ws/install/my_bot/share/my_bot/environment/ament_prefix_path.sh
[0.621s] -- Symlinking: /home/gurkirat/Projects/dev_ws/install/my_bot/share/my_bot/environment/ament_prefix_path.dsv
[0.630s] -- Symlinking: /home/gurkirat/Projects/dev_ws/install/my_bot/share/my_bot/environment/path.sh
[0.643s] -- Symlinking: /home/gurkirat/Projects/dev_ws/install/my_bot/share/my_bot/environment/path.dsv
[0.654s] -- Symlinking: /home/gurkirat/Projects/dev_ws/install/my_bot/share/my_bot/local_setup.bash
[0.660s] -- Symlinking: /home/gurkirat/Projects/dev_ws/install/my_bot/share/my_bot/local_setup.sh
[0.673s] -- Symlinking: /home/gurkirat/Projects/dev_ws/install/my_bot/share/my_bot/local_setup.zsh
[0.685s] -- Symlinking: /home/gurkirat/Projects/dev_ws/install/my_bot/share/my_bot/local_setup.dsv
[0.690s] -- Symlinking: /home/gurkirat/Projects/dev_ws/install/my_bot/share/my_bot/package.dsv
[0.695s] -- Symlinking: /home/gurkirat/Projects/dev_ws/install/my_bot/share/ament_index/resource_index/packages/my_bot
[0.701s] -- Symlinking: /home/gurkirat/Projects/dev_ws/install/my_bot/share/my_bot/cmake/my_botConfig.cmake
[0.707s] -- Symlinking: /home/gurkirat/Projects/dev_ws/install/my_bot/share/my_bot/cmake/my_botConfig-version.cmake
[0.713s] -- Symlinking: /home/gurkirat/Projects/dev_ws/install/my_bot/share/my_bot/package.xml
[0.721s] Invoked command in '/home/gurkirat/Projects/dev_ws/build/my_bot' returned '0': CMAKE_PREFIX_PATH=/opt/ros/foxy /usr/bin/cmake --install /home/gurkirat/Projects/dev_ws/build/my_bot
